<?xml version="1.0" encoding="UTF-8"?>
<!-- Generated by org.testng.reporters.JUnitXMLReporter -->
<testsuite ignored="0" hostname="Nitin" failures="0" tests="4" name="Login Page Test" time="47.282" errors="0" timestamp="2023-08-21T17:26:43 IST">
  <testcase classname="com.qa.opencart.TestClass.LoginPageTest" name="LoginPageTitleTest" time="0.07"/>
  <testcase classname="com.qa.opencart.TestClass.LoginPageTest" name="LoginPageUrlTest" time="0.028"/>
  <testcase classname="com.qa.opencart.TestClass.LoginPageTest" name="doLoginTest" time="4.039"/>
  <testcase classname="com.qa.opencart.TestClass.LoginPageTest" name="isForgotPassLinkPresentTest" time="1.095"/>
</testsuite> <!-- Login Page Test -->
